# JRE version: OpenJDK Runtime Environment (8.0_202-b03) (build 1.8.0_202-release-1483-b03)
# Java VM: OpenJDK 64-Bit Server VM (25.202-b03 mixed mode windows-amd64 compressed oops)
Heap:
 PSYoungGen      total 453120K, used 295277K [0x00000000e0000000, 0x00000000ffd00000, 0x0000000100000000)
  eden space 391680K, 69% used [0x00000000e0000000,0x00000000f0ad0160,0x00000000f7e80000)
  from space 61440K, 35% used [0x00000000f7e80000,0x00000000f940b570,0x00000000fba80000)
  to   space 58368K, 0% used [0x00000000fc400000,0x00000000fc400000,0x00000000ffd00000)
 ParOldGen       total 632320K, used 309663K [0x00000000a0000000, 0x00000000c6980000, 0x00000000e0000000)
  object space 632320K, 48% used [0x00000000a0000000,0x00000000b2e67ee0,0x00000000c6980000)
 Metaspace       used 245551K, capacity 261246K, committed 261780K, reserved 1277952K
  class space    used 31057K, capacity 33682K, committed 33980K, reserved 1048576K
GC Heap History (10 events):
Event: 4514.630 GC heap before
{Heap before GC invocations=210 (full 11):
 PSYoungGen      total 427520K, used 389716K [0x00000000e0000000, 0x00000000ff280000, 0x0000000100000000)
  eden space 363008K, 99% used [0x00000000e0000000,0x00000000f624c4c0,0x00000000f6280000)
  from space 64512K, 41% used [0x00000000fb380000,0x00000000fcdc8f38,0x00000000ff280000)
  to   space 73728K, 0% used [0x00000000f6280000,0x00000000f6280000,0x00000000faa80000)
 ParOldGen       total 632320K, used 309623K [0x00000000a0000000, 0x00000000c6980000, 0x00000000e0000000)
  object space 632320K, 48% used [0x00000000a0000000,0x00000000b2e5dee0,0x00000000c6980000)
 Metaspace       used 240193K, capacity 254504K, committed 254996K, reserved 1271808K
  class space    used 30579K, capacity 33051K, committed 33340K, reserved 1048576K
Event: 4514.654 GC heap after
Heap after GC invocations=210 (full 11):
 PSYoungGen      total 436736K, used 36273K [0x00000000e0000000, 0x0000000100000000, 0x0000000100000000)
  eden space 363008K, 0% used [0x00000000e0000000,0x00000000e0000000,0x00000000f6280000)
  from space 73728K, 49% used [0x00000000f6280000,0x00000000f85ec400,0x00000000faa80000)
  to   space 72704K, 0% used [0x00000000fb900000,0x00000000fb900000,0x0000000100000000)
 ParOldGen       total 632320K, used 309631K [0x00000000a0000000, 0x00000000c6980000, 0x00000000e0000000)
  object space 632320K, 48% used [0x00000000a0000000,0x00000000b2e5fee0,0x00000000c6980000)
 Metaspace       used 240193K, capacity 254504K, committed 254996K, reserved 1271808K
  class space    used 30579K, capacity 33051K, committed 33340K, reserved 1048576K
}
Event: 4628.602 GC heap before
{Heap before GC invocations=211 (full 11):
 PSYoungGen      total 436736K, used 399281K [0x00000000e0000000, 0x0000000100000000, 0x0000000100000000)
  eden space 363008K, 100% used [0x00000000e0000000,0x00000000f6280000,0x00000000f6280000)
  from space 73728K, 49% used [0x00000000f6280000,0x00000000f85ec400,0x00000000faa80000)
  to   space 72704K, 0% used [0x00000000fb900000,0x00000000fb900000,0x0000000100000000)
 ParOldGen       total 632320K, used 309631K [0x00000000a0000000, 0x00000000c6980000, 0x00000000e0000000)
  object space 632320K, 48% used [0x00000000a0000000,0x00000000b2e5fee0,0x00000000c6980000)
 Metaspace       used 243875K, capacity 258350K, committed 258964K, reserved 1273856K
  class space    used 30859K, capacity 33336K, committed 33724K, reserved 1048576K
Event: 4628.621 GC heap after
Heap after GC invocations=211 (full 11):
 PSYoungGen      total 440320K, used 25773K [0x00000000e0000000, 0x00000000ff600000, 0x0000000100000000)
  eden space 377856K, 0% used [0x00000000e0000000,0x00000000e0000000,0x00000000f7100000)
  from space 62464K, 41% used [0x00000000fb900000,0x00000000fd22b540,0x00000000ff600000)
  to   space 68096K, 0% used [0x00000000f7100000,0x00000000f7100000,0x00000000fb380000)
 ParOldGen       total 632320K, used 309639K [0x00000000a0000000, 0x00000000c6980000, 0x00000000e0000000)
  object space 632320K, 48% used [0x00000000a0000000,0x00000000b2e61ee0,0x00000000c6980000)
 Metaspace       used 243875K, capacity 258350K, committed 258964K, reserved 1273856K
  class space    used 30859K, capacity 33336K, committed 33724K, reserved 1048576K
}
Event: 4650.543 GC heap before
{Heap before GC invocations=212 (full 11):
 PSYoungGen      total 440320K, used 403629K [0x00000000e0000000, 0x00000000ff600000, 0x0000000100000000)
  eden space 377856K, 100% used [0x00000000e0000000,0x00000000f7100000,0x00000000f7100000)
  from space 62464K, 41% used [0x00000000fb900000,0x00000000fd22b540,0x00000000ff600000)
  to   space 68096K, 0% used [0x00000000f7100000,0x00000000f7100000,0x00000000fb380000)
 ParOldGen       total 632320K, used 309639K [0x00000000a0000000, 0x00000000c6980000, 0x00000000e0000000)
  object space 632320K, 48% used [0x00000000a0000000,0x00000000b2e61ee0,0x00000000c6980000)
 Metaspace       used 244294K, capacity 258912K, committed 259476K, reserved 1275904K
  class space    used 30884K, capacity 33383K, committed 33724K, reserved 1048576K
Event: 4650.560 GC heap after
Heap after GC invocations=212 (full 11):
 PSYoungGen      total 445952K, used 24225K [0x00000000e0000000, 0x00000000ffe80000, 0x0000000100000000)
  eden space 377856K, 0% used [0x00000000e0000000,0x00000000e0000000,0x00000000f7100000)
  from space 68096K, 35% used [0x00000000f7100000,0x00000000f88a8740,0x00000000fb380000)
  to   space 64512K, 0% used [0x00000000fbf80000,0x00000000fbf80000,0x00000000ffe80000)
 ParOldGen       total 632320K, used 309647K [0x00000000a0000000, 0x00000000c6980000, 0x00000000e0000000)
  object space 632320K, 48% used [0x00000000a0000000,0x00000000b2e63ee0,0x00000000c6980000)
 Metaspace       used 244294K, capacity 258912K, committed 259476K, reserved 1275904K
  class space    used 30884K, capacity 33383K, committed 33724K, reserved 1048576K
}
Event: 4708.637 GC heap before
{Heap before GC invocations=213 (full 11):
 PSYoungGen      total 445952K, used 402081K [0x00000000e0000000, 0x00000000ffe80000, 0x0000000100000000)
  eden space 377856K, 100% used [0x00000000e0000000,0x00000000f7100000,0x00000000f7100000)
  from space 68096K, 35% used [0x00000000f7100000,0x00000000f88a8740,0x00000000fb380000)
  to   space 64512K, 0% used [0x00000000fbf80000,0x00000000fbf80000,0x00000000ffe80000)
 ParOldGen       total 632320K, used 309647K [0x00000000a0000000, 0x00000000c6980000, 0x00000000e0000000)
  object space 632320K, 48% used [0x00000000a0000000,0x00000000b2e63ee0,0x00000000c6980000)
 Metaspace       used 244498K, capacity 259292K, committed 259732K, reserved 1275904K
  class space    used 30907K, capacity 33425K, committed 33724K, reserved 1048576K
Event: 4708.654 GC heap after
Heap after GC invocations=213 (full 11):
 PSYoungGen      total 448000K, used 24026K [0x00000000e0000000, 0x00000000ff680000, 0x0000000100000000)
  eden space 391680K, 0% used [0x00000000e0000000,0x00000000e0000000,0x00000000f7e80000)
  from space 56320K, 42% used [0x00000000fbf80000,0x00000000fd6f6970,0x00000000ff680000)
  to   space 61440K, 0% used [0x00000000f7e80000,0x00000000f7e80000,0x00000000fba80000)
 ParOldGen       total 632320K, used 309655K [0x00000000a0000000, 0x00000000c6980000, 0x00000000e0000000)
  object space 632320K, 48% used [0x00000000a0000000,0x00000000b2e65ee0,0x00000000c6980000)
 Metaspace       used 244498K, capacity 259292K, committed 259732K, reserved 1275904K
  class space    used 30907K, capacity 33425K, committed 33724K, reserved 1048576K
}
Event: 4782.525 GC heap before
{Heap before GC invocations=214 (full 11):
 PSYoungGen      total 448000K, used 415706K [0x00000000e0000000, 0x00000000ff680000, 0x0000000100000000)
  eden space 391680K, 100% used [0x00000000e0000000,0x00000000f7e80000,0x00000000f7e80000)
  from space 56320K, 42% used [0x00000000fbf80000,0x00000000fd6f6970,0x00000000ff680000)
  to   space 61440K, 0% used [0x00000000f7e80000,0x00000000f7e80000,0x00000000fba80000)
 ParOldGen       total 632320K, used 309655K [0x00000000a0000000, 0x00000000c6980000, 0x00000000e0000000)
  object space 632320K, 48% used [0x00000000a0000000,0x00000000b2e65ee0,0x00000000c6980000)
 Metaspace       used 244801K, capacity 259710K, committed 259988K, reserved 1275904K
  class space    used 30920K, capacity 33448K, committed 33724K, reserved 1048576K
Event: 4782.541 GC heap after
Heap after GC invocations=214 (full 11):
 PSYoungGen      total 453120K, used 22061K [0x00000000e0000000, 0x00000000ffd00000, 0x0000000100000000)
  eden space 391680K, 0% used [0x00000000e0000000,0x00000000e0000000,0x00000000f7e80000)
  from space 61440K, 35% used [0x00000000f7e80000,0x00000000f940b570,0x00000000fba80000)
  to   space 58368K, 0% used [0x00000000fc400000,0x00000000fc400000,0x00000000ffd00000)
 ParOldGen       total 632320K, used 309663K [0x00000000a0000000, 0x00000000c6980000, 0x00000000e0000000)
  object space 632320K, 48% used [0x00000000a0000000,0x00000000b2e67ee0,0x00000000c6980000)
 Metaspace       used 244801K, capacity 259710K, committed 259988K, reserved 1275904K
  class space    used 30920K, capacity 33448K, committed 33724K, reserved 1048576K
}

